<?xml version="1.0" encoding="UTF-8"?>
<!-- Generated by org.testng.reporters.JUnitReportReporter -->
<testsuite skipped="0" hostname="Anbarasan" name="com.demoAutomationProject.ProductAddToCartAndPurchaseVerification" tests="1" failures="0" timestamp="2024-06-14T11:35:55 IST" time="21.090" errors="0">
  <testcase name="verifyLoginWithValidUserCredentials" time="21.090" classname="com.demoAutomationProject.ProductAddToCartAndPurchaseVerification"/>
  <system-out/>
</testsuite> <!-- com.demoAutomationProject.ProductAddToCartAndPurchaseVerification -->
