<?xml version="1.0" encoding="UTF-8"?>
<!-- Generated by org.testng.reporters.JUnitReportReporter -->
<testsuite skipped="0" hostname="Anbarasan" name="com.demoAutomationProject.LoginPageVerification" tests="6" failures="0" timestamp="2024-06-14T11:28:04 IST" time="26.957" errors="0">
  <testcase name="verifyLoginWithValidUserCredentials" time="5.260" classname="com.demoAutomationProject.LoginPageVerification"/>
  <system-out/>
  <testcase name="verifyLoginWithInValidUserCredentials" time="4.508" classname="com.demoAutomationProject.LoginPageVerification"/>
  <system-out/>
  <testcase name="verifyLoginWithWithoutUserCredentials" time="4.504" classname="com.demoAutomationProject.LoginPageVerification"/>
  <system-out/>
  <testcase name="verifyLoginWithInvalidEmail" time="3.769" classname="com.demoAutomationProject.LoginPageVerification"/>
  <system-out/>
  <testcase name="verifyForgetPasswordAndResetPassword" time="4.535" classname="com.demoAutomationProject.LoginPageVerification"/>
  <system-out/>
  <testcase name="verifyLoginWithUserCredentialFromExcelFile" time="4.381" classname="com.demoAutomationProject.LoginPageVerification"/>
  <system-out/>
</testsuite> <!-- com.demoAutomationProject.LoginPageVerification -->
