<?xml version="1.0" encoding="UTF-8"?>
<!-- Generated by org.testng.reporters.JUnitReportReporter -->
<testsuite skipped="0" hostname="Anbarasan" name="com.demoAutomationProject.RegisterPageVerification" tests="6" failures="0" timestamp="2024-06-14T11:28:04 IST" time="47.167" errors="0">
  <testcase name="verifyUserRegisterPageWithFilledAllDetails" time="8.522" classname="com.demoAutomationProject.RegisterPageVerification"/>
  <system-out/>
  <testcase name="verifyUserRegisterPageFirstnameWithMaximumCharacter" time="4.756" classname="com.demoAutomationProject.RegisterPageVerification"/>
  <system-out/>
  <testcase name="verifyUserRegisterPageLastnameWithMinimumCharacter" time="8.446" classname="com.demoAutomationProject.RegisterPageVerification"/>
  <system-out/>
  <testcase name="verifyUserRegisterPageInvalidEmailId" time="7.913" classname="com.demoAutomationProject.RegisterPageVerification"/>
  <system-out/>
  <testcase name="verifyUserRegisterPageInvalidPhoneNumber" time="8.194" classname="com.demoAutomationProject.RegisterPageVerification"/>
  <system-out/>
  <testcase name="verifyUserRegisterPagePasswordAndConfirmPasswordMismatch" time="9.336" classname="com.demoAutomationProject.RegisterPageVerification"/>
  <system-out/>
</testsuite> <!-- com.demoAutomationProject.RegisterPageVerification -->
